0 info it worked if it ends with ok
1 verbose cli [ '/Users/jonalme/.nvm/versions/node/v6.11.2/bin/node',
1 verbose cli   '/Users/jonalme/.nvm/versions/node/v6.11.2/bin/npm',
1 verbose cli   'run',
1 verbose cli   'build' ]
2 info using npm@3.10.10
3 info using node@v6.11.2
4 verbose run-script [ 'prebuild', 'build', 'postbuild' ]
5 info lifecycle sea-website-builder@1.0.0~prebuild: sea-website-builder@1.0.0
6 silly lifecycle sea-website-builder@1.0.0~prebuild: no script for prebuild, continuing
7 info lifecycle sea-website-builder@1.0.0~build: sea-website-builder@1.0.0
8 verbose lifecycle sea-website-builder@1.0.0~build: unsafe-perm in lifecycle true
9 verbose lifecycle sea-website-builder@1.0.0~build: PATH: /Users/jonalme/.nvm/versions/node/v6.11.2/lib/node_modules/npm/bin/node-gyp-bin:/Users/jonalme/personal/sea-website-builder/node_modules/.bin:/Applications/Postgres.app/Contents/Versions/9.5/bin:/Users/jonalme/dev/bude-completion:/Users/jonalme/.rvm/gems/ruby-2.4.1/bin:/Users/jonalme/.rvm/gems/ruby-2.4.1@global/bin:/Users/jonalme/.rvm/rubies/ruby-2.4.1/bin:/Users/jonalme/.cargo/bin:/Applications/Postgres.app/Contents/Versions/9.5/bin:/Users/jonalme/Library/Python/3.6/bin/:/Applications/Postgres.app/Contents/Versions/9.5/bin:/Users/jonalme/.nvm/versions/node/v6.11.2/bin:/Users/jonalme/dev/bude-completion:/Users/jonalme/.cargo/bin:/Applications/Postgres.app/Contents/Versions/9.5/bin:/Users/jonalme/Library/Python/3.6/bin/:/Users/jonalme/.cargo/bin:/usr/local/bin:/usr/bin:/bin:/usr/sbin:/sbin:/usr/local/go/bin:/Applications/Postgres.app/Contents/Versions/latest/bin/:/Users/jonalme/.cargo/bin:/Users/jonalme/.rvm/gems/ruby-2.4.1/bin:/Users/jonalme/.rvm/gems/ruby-2.4.1@global/bin:/Users/jonalme/.rvm/rubies/ruby-2.4.1/bin:/Users/jonalme/dev/signup-tool/signup.rb:/Users/jonalme/Library/Python/3.6/bin/:/Applications/Postgres.app/Contents/Versions/9.5/bin:/Users/jonalme/dev/bude-completion:/Users/jonalme/.rvm/bin:/Users/jonalme/.rvm/bin:/Users/jonalme/.rvm/bin
10 verbose lifecycle sea-website-builder@1.0.0~build: CWD: /Users/jonalme/personal/sea-website-builder
11 silly lifecycle sea-website-builder@1.0.0~build: Args: [ '-c', 'webpack -p' ]
12 silly lifecycle sea-website-builder@1.0.0~build: Returned: code: 2  signal: null
13 info lifecycle sea-website-builder@1.0.0~build: Failed to exec build script
14 verbose stack Error: sea-website-builder@1.0.0 build: `webpack -p`
14 verbose stack Exit status 2
14 verbose stack     at EventEmitter.<anonymous> (/Users/jonalme/.nvm/versions/node/v6.11.2/lib/node_modules/npm/lib/utils/lifecycle.js:255:16)
14 verbose stack     at emitTwo (events.js:106:13)
14 verbose stack     at EventEmitter.emit (events.js:191:7)
14 verbose stack     at ChildProcess.<anonymous> (/Users/jonalme/.nvm/versions/node/v6.11.2/lib/node_modules/npm/lib/utils/spawn.js:40:14)
14 verbose stack     at emitTwo (events.js:106:13)
14 verbose stack     at ChildProcess.emit (events.js:191:7)
14 verbose stack     at maybeClose (internal/child_process.js:891:16)
14 verbose stack     at Process.ChildProcess._handle.onexit (internal/child_process.js:226:5)
15 verbose pkgid sea-website-builder@1.0.0
16 verbose cwd /Users/jonalme/personal/sea-website-builder
17 error Darwin 16.7.0
18 error argv "/Users/jonalme/.nvm/versions/node/v6.11.2/bin/node" "/Users/jonalme/.nvm/versions/node/v6.11.2/bin/npm" "run" "build"
19 error node v6.11.2
20 error npm  v3.10.10
21 error code ELIFECYCLE
22 error sea-website-builder@1.0.0 build: `webpack -p`
22 error Exit status 2
23 error Failed at the sea-website-builder@1.0.0 build script 'webpack -p'.
23 error Make sure you have the latest version of node.js and npm installed.
23 error If you do, this is most likely a problem with the sea-website-builder package,
23 error not with npm itself.
23 error Tell the author that this fails on your system:
23 error     webpack -p
23 error You can get information on how to open an issue for this project with:
23 error     npm bugs sea-website-builder
23 error Or if that isn't available, you can get their info via:
23 error     npm owner ls sea-website-builder
23 error There is likely additional logging output above.
24 verbose exit [ 1, true ]
